<?xml version="1.0" encoding="UTF-8"?>
<!-- Generated by org.testng.reporters.JUnitXMLReporter -->
<testsuite hostname="KrishnaPrasad" ignored="0" name="Test" tests="20" failures="0" timestamp="2022-02-01T10:17:34 IST" time="278.136" errors="0">
  <testcase name="search" time="17.909" classname="com.testng.amazondata"/>
  <testcase name="search1" time="18.033" classname="com.testng.amazondata"/>
  <testcase name="search" time="16.73" classname="com.testng.amazondata"/>
  <testcase name="search1" time="16.606" classname="com.testng.amazondata"/>
  <testcase name="search" time="16.744" classname="com.testng.amazondata"/>
  <testcase name="search1" time="16.838" classname="com.testng.amazondata"/>
  <testcase name="search" time="16.369" classname="com.testng.amazondata"/>
  <testcase name="search1" time="16.929" classname="com.testng.amazondata"/>
  <testcase name="search" time="15.602" classname="com.testng.amazondata"/>
  <testcase name="search1" time="15.569" classname="com.testng.amazondata"/>
  <testcase name="search1" time="18.289" classname="com.testng.amazondata"/>
  <testcase name="search" time="18.932" classname="com.testng.amazondata"/>
  <testcase name="search" time="16.819" classname="com.testng.amazondata"/>
  <testcase name="search1" time="17.577" classname="com.testng.amazondata"/>
  <testcase name="search" time="38.406" classname="com.testng.amazondata"/>
  <testcase name="search1" time="38.098" classname="com.testng.amazondata"/>
  <testcase name="search" time="33.995" classname="com.testng.amazondata"/>
  <testcase name="search1" time="33.777" classname="com.testng.amazondata"/>
  <testcase name="search" time="86.206" classname="com.testng.amazondata"/>
  <testcase name="search1" time="86.335" classname="com.testng.amazondata"/>
</testsuite> <!-- Test -->
